<?xml version="1.0" encoding="UTF-8"?>
<coverage generated="1664667311015" clover="3.2.0">
  <project timestamp="1664667311015" name="All files">
    <metrics statements="16" coveredstatements="16" conditionals="0" coveredconditionals="0" methods="6" coveredmethods="6" elements="22" coveredelements="22" complexity="0" loc="16" ncloc="16" packages="1" files="1" classes="1"/>
    <file name="useIncrementalId.js" path="/Users/dimitriskyriazopoulos/Development/jotai/src/hooks/useIncrementalId.js">
      <metrics statements="16" coveredstatements="16" conditionals="0" coveredconditionals="0" methods="6" coveredmethods="6"/>
      <line num="4" count="1" type="stmt"/>
      <line num="6" count="1" type="stmt"/>
      <line num="7" count="6" type="stmt"/>
      <line num="9" count="3" type="stmt"/>
      <line num="10" count="2" type="stmt"/>
      <line num="11" count="2" type="stmt"/>
      <line num="12" count="2" type="stmt"/>
      <line num="17" count="6" type="stmt"/>
      <line num="18" count="3" type="stmt"/>
      <line num="19" count="6" type="stmt"/>
      <line num="20" count="6" type="stmt"/>
      <line num="22" count="6" type="stmt"/>
      <line num="23" count="2" type="stmt"/>
      <line num="24" count="2" type="stmt"/>
      <line num="25" count="2" type="stmt"/>
      <line num="31" count="6" type="stmt"/>
    </file>
  </project>
</coverage>
