{"/Users/dimitriskyriazopoulos/Development/jotai/src/hooks/useIncrementalId.js": {"path":"/Users/dimitriskyriazopoulos/Development/jotai/src/hooks/useIncrementalId.js","statementMap":{"0":{"start":{"line":4,"column":26},"end":{"line":4,"column":33}},"1":{"start":{"line":6,"column":32},"end":{"line":32,"column":1}},"2":{"start":{"line":7,"column":25},"end":{"line":15,"column":3}},"3":{"start":{"line":9,"column":6},"end":{"line":13,"column":8}},"4":{"start":{"line":10,"column":8},"end":{"line":10,"column":76}},"5":{"start":{"line":11,"column":8},"end":{"line":11,"column":67}},"6":{"start":{"line":12,"column":8},"end":{"line":12,"column":74}},"7":{"start":{"line":17,"column":28},"end":{"line":29,"column":3}},"8":{"start":{"line":18,"column":10},"end":{"line":27,"column":5}},"9":{"start":{"line":19,"column":17},"end":{"line":19,"column":48}},"10":{"start":{"line":20,"column":27},"end":{"line":20,"column":53}},"11":{"start":{"line":22,"column":6},"end":{"line":26,"column":8}},"12":{"start":{"line":23,"column":26},"end":{"line":23,"column":28}},"13":{"start":{"line":24,"column":8},"end":{"line":24,"column":23}},"14":{"start":{"line":25,"column":8},"end":{"line":25,"column":25}},"15":{"start":{"line":31,"column":2},"end":{"line":31,"column":29}}},"fnMap":{"0":{"name":"(anonymous_0)","decl":{"start":{"line":6,"column":32},"end":{"line":6,"column":33}},"loc":{"start":{"line":6,"column":38},"end":{"line":32,"column":1}},"line":6},"1":{"name":"(anonymous_1)","decl":{"start":{"line":8,"column":4},"end":{"line":8,"column":5}},"loc":{"start":{"line":9,"column":6},"end":{"line":13,"column":8}},"line":9},"2":{"name":"(anonymous_2)","decl":{"start":{"line":9,"column":17},"end":{"line":9,"column":18}},"loc":{"start":{"line":9,"column":31},"end":{"line":13,"column":7}},"line":9},"3":{"name":"(anonymous_3)","decl":{"start":{"line":18,"column":4},"end":{"line":18,"column":5}},"loc":{"start":{"line":18,"column":10},"end":{"line":27,"column":5}},"line":18},"4":{"name":"(anonymous_4)","decl":{"start":{"line":18,"column":10},"end":{"line":18,"column":11}},"loc":{"start":{"line":18,"column":16},"end":{"line":27,"column":5}},"line":18},"5":{"name":"(anonymous_5)","decl":{"start":{"line":22,"column":13},"end":{"line":22,"column":14}},"loc":{"start":{"line":22,"column":19},"end":{"line":26,"column":7}},"line":22}},"branchMap":{},"s":{"0":1,"1":1,"2":6,"3":3,"4":2,"5":2,"6":2,"7":6,"8":3,"9":6,"10":6,"11":6,"12":2,"13":2,"14":2,"15":6},"f":{"0":6,"1":3,"2":2,"3":3,"4":6,"5":2},"b":{},"_coverageSchema":"1a1c01bbd47fc00a2c39e90264f33305004495a9","hash":"a5c524b6e18482376a7360bc226727ca5cee3725"}
}
